<?xml version="1.0" encoding="UTF-8"?>
<testsuite name="RoleServiceTest" tests="1" skipped="0" failures="0" errors="0" timestamp="2023-06-09T16:53:28" hostname="IHSAN-DELL" time="0.604">
  <properties/>
  <testcase name="testSaveRole()" classname="RoleServiceTest" time="0.604"/>
  <system-out><![CDATA[]]></system-out>
  <system-err><![CDATA[]]></system-err>
</testsuite>
